<?xml version="1.0" encoding="utf-8"?><testsuites><testsuite name="pytest" errors="0" failures="0" skipped="0" tests="8" time="0.452" timestamp="2024-12-01T14:53:15.804575+08:00" hostname="LAPTOP-5E0F9F6Q"><testcase classname="tests.test_app" name="test_add_user" time="0.021" /><testcase classname="tests.test_app" name="test_add_product" time="0.003" /><testcase classname="tests.test_app" name="test_add_to_cart" time="0.004" /><testcase classname="tests.test_app" name="test_checkout" time="0.009" /><testcase classname="tests.test_cart" name="test_add_item" time="0.003" /><testcase classname="tests.test_cart" name="test_remove_item" time="0.002" /><testcase classname="tests.test_cart" name="test_apply_coupon" time="0.002" /><testcase classname="tests.test_cart" name="test_clear_cart" time="0.003" /></testsuite></testsuites>